17:11:23 **** Build of configuration Debug for project prueba_2 ****
make all 
Building file: ../src/prueba_2.c
Invoking: GCC C Compiler
gcc -O0 -g3 -Wall -c -fmessage-length=0 -MMD -MP -MF"src/prueba_2.d" -MT"src/prueba_2.o" -o "src/prueba_2.o" "../src/prueba_2.c"
Finished building: ../src/prueba_2.c
 
Building target: prueba_2
Invoking: GCC C Linker
gcc  -o "prueba_2"  ./src/prueba_2.o   
Finished building target: prueba_2
 
17:11:48 **** Incremental Build of configuration Debug for project prueba_2 ****
make all 
Building file: ../src/prueba_2.c
Invoking: GCC C Compiler
gcc -O0 -g3 -Wall -c -fmessage-length=0 -MMD -MP -MF"src/prueba_2.d" -MT"src/prueba_2.o" -o "src/prueba_2.o" "../src/prueba_2.c"
Finished building: ../src/prueba_2.c
 
Building target: prueba_2
Invoking: GCC C Linker
gcc  -o "prueba_2"  ./src/prueba_2.o   
Finished building target: prueba_2
 
17:11:52 **** Incremental Build of configuration Debug for project prueba_2 ****
make all 
make: No se hace nada para 'all'.
17:11:53 **** Incremental Build of configuration Debug for project prueba_2 ****
make all 
make: No se hace nada para 'all'.
16:25:44 **** Build of configuration Debug for project prueba3 ****
make all 
Building file: ../src/prueba3.c
Invoking: GCC C Compiler
gcc -O0 -g3 -Wall -c -fmessage-length=0 -MMD -MP -MF"src/prueba3.d" -MT"src/prueba3.o" -o "src/prueba3.o" "../src/prueba3.c"
Finished building: ../src/prueba3.c
 
Building target: prueba3
Invoking: GCC C Linker
gcc  -o "prueba3"  ./src/prueba3.o   
Finished building target: prueba3
 
16:25:45 **** Build of configuration Debug for project prueba_2 ****
make all 
make: No se hace nada para 'all'.
